-------------------------------------------------------------------------------
Test set: TestSuite
-------------------------------------------------------------------------------
Tests run: 4, Failures: 1, Errors: 0, Skipped: 0, Time elapsed: 34.003 s <<< FAILURE! - in TestSuite
cases.ClubPool.addClubPool  Time elapsed: 0.039 s  <<< FAILURE!
java.lang.NullPointerException
	at cases.ClubPool.addClubPool(ClubPool.java:44)

