<?xml version="1.0" encoding="UTF-8"?>
<testsuite xmlns:xsi="http://www.w3.org/2001/XMLSchema-instance" xsi:noNamespaceSchemaLocation="https://maven.apache.org/surefire/maven-surefire-plugin/xsd/surefire-test-report-3.0.xsd" version="3.0" name="TestSuite" time="34.003" tests="4" errors="0" skipped="0" failures="1">
  <properties>
[...]
</properties>
  <testcase name="logintest" classname="cases.Login" time="29.765">
    <system-err><![CDATA[1611043439553	geckodriver	INFO	Listening on 127.0.0.1:19177
1611043439821	mozrunner::runner	INFO	Running command: "C:\\Program Files\\Mozilla Firefox\\firefox.exe" "--marionette" "-foreground" "-no-remote" "-profile" "C:\\Users\\16215\\AppData\\Local\\Temp\\rust_mozprofilegnGIJr"
Can't find symbol 'eglSwapBuffersWithDamageEXT'.
Can't find symbol 'eglSetDamageRegionKHR'.
JavaScript error: resource://gre/modules/XULStore.jsm, line 66: Error: Can't find profile directory.
console.warn: SearchSettings: "get: No settings file exists, new profile?" (new Error("", "(unknown module)"))
1611043444703	Marionette	INFO	Listening on port 61791
1611043444796	Marionette	WARN	TLS certificate errors will be ignored for this session
一月 19, 2021 4:04:04 下午 org.openqa.selenium.remote.ProtocolHandshake createSession
信息: Detected dialect: W3C
Can't find symbol 'eglSwapBuffersWithDamageEXT'.
Can't find symbol 'eglSetDamageRegionKHR'.
JavaScript warning: https://g.alicdn.com/secdev/sufei_data/3.9.5/index.js, line 1: WebGL context was lost.
JavaScript warning: https://g.alicdn.com/??xlly/spl/rp.js,secdev/nsv/1.0.78/ns_e_88_3_n.js, line 5: WebGL context was lost.
JavaScript warning: https://g.alicdn.com/AWSC/et/1.62.1/et_n.js, line 4: WebGL context was lost.
]]></system-err>
  </testcase>
  <testcase name="addClubPool" classname="cases.ClubPool" time="0.039">
    <failure type="java.lang.NullPointerException"><![CDATA[java.lang.NullPointerException
	at cases.ClubPool.addClubPool(ClubPool.java:44)
]]></failure>
  </testcase>
  <testcase name="searchCustomByCode" classname="cases.ClubPool" time="2.457">
    <system-out><![CDATA[中文
]]></system-out>
  </testcase>
  <testcase name="afterTest" classname="cases.Logout" time="0.912">
    <system-err><![CDATA[1611043470921	Marionette	INFO	Stopped listening on port 61791

###!!! [Child][RunMessage] Error: Channel closing: too late to send/recv, messages will be lost

]]></system-err>
  </testcase>
</testsuite>